# JRE version: OpenJDK Runtime Environment (8.0_242-b01) (build 1.8.0_242-release-1644-b01)
# Java VM: OpenJDK 64-Bit Server VM (25.242-b01 mixed mode windows-amd64 compressed oops)
Heap:
 PSYoungGen      total 601088K, used 21602K [0x00000000d5580000, 0x0000000100000000, 0x0000000100000000)
  eden space 499200K, 4% used [0x00000000d5580000,0x00000000d6a989b8,0x00000000f3d00000)
  from space 101888K, 0% used [0x00000000f9c80000,0x00000000f9c80000,0x0000000100000000)
  to   space 97792K, 0% used [0x00000000f3d00000,0x00000000f3d00000,0x00000000f9c80000)
 ParOldGen       total 304128K, used 122407K [0x0000000080000000, 0x0000000092900000, 0x00000000d5580000)
  object space 304128K, 40% used [0x0000000080000000,0x0000000087789c38,0x0000000092900000)
 Metaspace       used 181934K, capacity 192352K, committed 213120K, reserved 1234944K
  class space    used 23018K, capacity 24948K, committed 28288K, reserved 1048576K
GC Heap History (10 events):
Event: 21739.230 GC heap before
{Heap before GC invocations=72 (full 16):
 PSYoungGen      total 593920K, used 7776K [0x00000000d5580000, 0x0000000100000000, 0x0000000100000000)
  eden space 483840K, 0% used [0x00000000d5580000,0x00000000d5580000,0x00000000f2e00000)
  from space 110080K, 7% used [0x00000000f9480000,0x00000000f9c18000,0x0000000100000000)
  to   space 104960K, 0% used [0x00000000f2e00000,0x00000000f2e00000,0x00000000f9480000)
 ParOldGen       total 304128K, used 123082K [0x0000000080000000, 0x0000000092900000, 0x00000000d5580000)
  object space 304128K, 40% used [0x0000000080000000,0x0000000087832ab8,0x0000000092900000)
 Metaspace       used 181909K, capacity 192352K, committed 213120K, reserved 1234944K
  class space    used 23018K, capacity 24948K, committed 28288K, reserved 1048576K
Event: 21743.088 GC heap after
Heap after GC invocations=72 (full 16):
 PSYoungGen      total 593920K, used 0K [0x00000000d5580000, 0x0000000100000000, 0x0000000100000000)
  eden space 483840K, 0% used [0x00000000d5580000,0x00000000d5580000,0x00000000f2e00000)
  from space 110080K, 0% used [0x00000000f9480000,0x00000000f9480000,0x0000000100000000)
  to   space 104960K, 0% used [0x00000000f2e00000,0x00000000f2e00000,0x00000000f9480000)
 ParOldGen       total 304128K, used 122696K [0x0000000080000000, 0x0000000092900000, 0x00000000d5580000)
  object space 304128K, 40% used [0x0000000080000000,0x00000000877d2300,0x0000000092900000)
 Metaspace       used 181909K, capacity 192352K, committed 213120K, reserved 1234944K
  class space    used 23018K, capacity 24948K, committed 28288K, reserved 1048576K
}
Event: 21743.104 GC heap before
{Heap before GC invocations=73 (full 16):
 PSYoungGen      total 593920K, used 1039K [0x00000000d5580000, 0x0000000100000000, 0x0000000100000000)
  eden space 483840K, 0% used [0x00000000d5580000,0x00000000d5683c50,0x00000000f2e00000)
  from space 110080K, 0% used [0x00000000f9480000,0x00000000f9480000,0x0000000100000000)
  to   space 104960K, 0% used [0x00000000f2e00000,0x00000000f2e00000,0x00000000f9480000)
 ParOldGen       total 304128K, used 122696K [0x0000000080000000, 0x0000000092900000, 0x00000000d5580000)
  object space 304128K, 40% used [0x0000000080000000,0x00000000877d2300,0x0000000092900000)
 Metaspace       used 181909K, capacity 192352K, committed 213120K, reserved 1234944K
  class space    used 23018K, capacity 24948K, committed 28288K, reserved 1048576K
Event: 21743.113 GC heap after
Heap after GC invocations=73 (full 16):
 PSYoungGen      total 588800K, used 96K [0x00000000d5580000, 0x0000000100000000, 0x0000000100000000)
  eden space 483840K, 0% used [0x00000000d5580000,0x00000000d5580000,0x00000000f2e00000)
  from space 104960K, 0% used [0x00000000f2e00000,0x00000000f2e18000,0x00000000f9480000)
  to   space 101888K, 0% used [0x00000000f9c80000,0x00000000f9c80000,0x0000000100000000)
 ParOldGen       total 304128K, used 122696K [0x0000000080000000, 0x0000000092900000, 0x00000000d5580000)
  object space 304128K, 40% used [0x0000000080000000,0x00000000877d2300,0x0000000092900000)
 Metaspace       used 181909K, capacity 192352K, committed 213120K, reserved 1234944K
  class space    used 23018K, capacity 24948K, committed 28288K, reserved 1048576K
}
Event: 21743.113 GC heap before
{Heap before GC invocations=74 (full 17):
 PSYoungGen      total 588800K, used 96K [0x00000000d5580000, 0x0000000100000000, 0x0000000100000000)
  eden space 483840K, 0% used [0x00000000d5580000,0x00000000d5580000,0x00000000f2e00000)
  from space 104960K, 0% used [0x00000000f2e00000,0x00000000f2e18000,0x00000000f9480000)
  to   space 101888K, 0% used [0x00000000f9c80000,0x00000000f9c80000,0x0000000100000000)
 ParOldGen       total 304128K, used 122696K [0x0000000080000000, 0x0000000092900000, 0x00000000d5580000)
  object space 304128K, 40% used [0x0000000080000000,0x00000000877d2300,0x0000000092900000)
 Metaspace       used 181909K, capacity 192352K, committed 213120K, reserved 1234944K
  class space    used 23018K, capacity 24948K, committed 28288K, reserved 1048576K
Event: 21743.461 GC heap after
Heap after GC invocations=74 (full 17):
 PSYoungGen      total 588800K, used 0K [0x00000000d5580000, 0x0000000100000000, 0x0000000100000000)
  eden space 483840K, 0% used [0x00000000d5580000,0x00000000d5580000,0x00000000f2e00000)
  from space 104960K, 0% used [0x00000000f2e00000,0x00000000f2e00000,0x00000000f9480000)
  to   space 101888K, 0% used [0x00000000f9c80000,0x00000000f9c80000,0x0000000100000000)
 ParOldGen       total 304128K, used 122407K [0x0000000080000000, 0x0000000092900000, 0x00000000d5580000)
  object space 304128K, 40% used [0x0000000080000000,0x0000000087789ee8,0x0000000092900000)
 Metaspace       used 181909K, capacity 192352K, committed 213120K, reserved 1234944K
  class space    used 23018K, capacity 24948K, committed 28288K, reserved 1048576K
}
Event: 21743.497 GC heap before
{Heap before GC invocations=75 (full 17):
 PSYoungGen      total 588800K, used 647K [0x00000000d5580000, 0x0000000100000000, 0x0000000100000000)
  eden space 483840K, 0% used [0x00000000d5580000,0x00000000d5621cd0,0x00000000f2e00000)
  from space 104960K, 0% used [0x00000000f2e00000,0x00000000f2e00000,0x00000000f9480000)
  to   space 101888K, 0% used [0x00000000f9c80000,0x00000000f9c80000,0x0000000100000000)
 ParOldGen       total 304128K, used 122407K [0x0000000080000000, 0x0000000092900000, 0x00000000d5580000)
  object space 304128K, 40% used [0x0000000080000000,0x0000000087789ee8,0x0000000092900000)
 Metaspace       used 181909K, capacity 192352K, committed 213120K, reserved 1234944K
  class space    used 23018K, capacity 24948K, committed 28288K, reserved 1048576K
Event: 21743.502 GC heap after
Heap after GC invocations=75 (full 17):
 PSYoungGen      total 601088K, used 128K [0x00000000d5580000, 0x0000000100000000, 0x0000000100000000)
  eden space 499200K, 0% used [0x00000000d5580000,0x00000000d5580000,0x00000000f3d00000)
  from space 101888K, 0% used [0x00000000f9c80000,0x00000000f9ca0000,0x0000000100000000)
  to   space 97792K, 0% used [0x00000000f3d00000,0x00000000f3d00000,0x00000000f9c80000)
 ParOldGen       total 304128K, used 122407K [0x0000000080000000, 0x0000000092900000, 0x00000000d5580000)
  object space 304128K, 40% used [0x0000000080000000,0x0000000087789ee8,0x0000000092900000)
 Metaspace       used 181909K, capacity 192352K, committed 213120K, reserved 1234944K
  class space    used 23018K, capacity 24948K, committed 28288K, reserved 1048576K
}
Event: 21743.502 GC heap before
{Heap before GC invocations=76 (full 18):
 PSYoungGen      total 601088K, used 128K [0x00000000d5580000, 0x0000000100000000, 0x0000000100000000)
  eden space 499200K, 0% used [0x00000000d5580000,0x00000000d5580000,0x00000000f3d00000)
  from space 101888K, 0% used [0x00000000f9c80000,0x00000000f9ca0000,0x0000000100000000)
  to   space 97792K, 0% used [0x00000000f3d00000,0x00000000f3d00000,0x00000000f9c80000)
 ParOldGen       total 304128K, used 122407K [0x0000000080000000, 0x0000000092900000, 0x00000000d5580000)
  object space 304128K, 40% used [0x0000000080000000,0x0000000087789ee8,0x0000000092900000)
 Metaspace       used 181909K, capacity 192352K, committed 213120K, reserved 1234944K
  class space    used 23018K, capacity 24948K, committed 28288K, reserved 1048576K
Event: 21743.848 GC heap after
Heap after GC invocations=76 (full 18):
 PSYoungGen      total 601088K, used 0K [0x00000000d5580000, 0x0000000100000000, 0x0000000100000000)
  eden space 499200K, 0% used [0x00000000d5580000,0x00000000d5580000,0x00000000f3d00000)
  from space 101888K, 0% used [0x00000000f9c80000,0x00000000f9c80000,0x0000000100000000)
  to   space 97792K, 0% used [0x00000000f3d00000,0x00000000f3d00000,0x00000000f9c80000)
 ParOldGen       total 304128K, used 122407K [0x0000000080000000, 0x0000000092900000, 0x00000000d5580000)
  object space 304128K, 40% used [0x0000000080000000,0x0000000087789c38,0x0000000092900000)
 Metaspace       used 181909K, capacity 192352K, committed 213120K, reserved 1234944K
  class space    used 23018K, capacity 24948K, committed 28288K, reserved 1048576K
}

